<?xml version="1.0" encoding="UTF-8"?>
<!-- Generated by org.testng.reporters.JUnitXMLReporter -->
<testsuite hostname="Ravi-PC" name="Test" tests="1" failures="1" timestamp="7 Nov 2017 06:56:23 GMT" time="95.16" errors="0">
  <testcase name="testAddExpense" time="74.528" classname="com.fez.scripts.TestAddExpense">
    <failure type="org.openqa.selenium.NoSuchElementException" message="Cannot locate element with text: mFive663
For documentation on this error, please visit: http://seleniumhq.org/exceptions/no_such_element.html
Build info: version: &amp;apos;3.0.1&amp;apos;, revision: &amp;apos;1969d75&amp;apos;, time: &amp;apos;2016-10-18 09:48:19 -0700&amp;apos;
System info: host: &amp;apos;Ravi-PC&amp;apos;, ip: &amp;apos;192.168.198.2&amp;apos;, os.name: &amp;apos;Windows 10&amp;apos;, os.arch: &amp;apos;amd64&amp;apos;, os.version: &amp;apos;10.0&amp;apos;, java.version: &amp;apos;1.8.0_101&amp;apos;
Driver info: driver.version: unknown">
      <![CDATA[org.openqa.selenium.NoSuchElementException: Cannot locate element with text: mFive663
For documentation on this error, please visit: http://seleniumhq.org/exceptions/no_such_element.html
Build info: version: '3.0.1', revision: '1969d75', time: '2016-10-18 09:48:19 -0700'
System info: host: 'Ravi-PC', ip: '192.168.198.2', os.name: 'Windows 10', os.arch: 'amd64', os.version: '10.0', java.version: '1.8.0_101'
Driver info: driver.version: unknown
	at org.openqa.selenium.support.ui.Select.selectByVisibleText(Select.java:151)
	at com.fez.pages.ExpenseCreatePage.select_Emp(ExpenseCreatePage.java:31)
	at com.fez.scripts.TestAddExpense.testAddExpense(TestAddExpense.java:25)
... Removed 25 stack frames]]>
    </failure>
  </testcase> <!-- testAddExpense -->
</testsuite> <!-- Test -->
