<?xml version="1.0" encoding="UTF-8"?>
<testng-results skipped="0" failed="1" total="1" passed="0">
  <reporter-output>
  </reporter-output>
  <suite name="Suite" duration-ms="95160" started-at="2017-11-07T06:54:48Z" finished-at="2017-11-07T06:56:23Z">
    <groups>
    </groups>
    <test name="Test" duration-ms="95160" started-at="2017-11-07T06:54:48Z" finished-at="2017-11-07T06:56:23Z">
      <class name="com.fez.scripts.TestAddExpense">
        <test-method status="PASS" signature="initReport()[pri:0, instance:com.fez.scripts.TestAddExpense@3159c4b8]" name="initReport" is-config="true" duration-ms="234" started-at="2017-11-07T12:24:48Z" finished-at="2017-11-07T12:24:48Z">
          <reporter-output>
          </reporter-output>
        </test-method> <!-- initReport -->
        <test-method status="PASS" signature="initGlobalVar()[pri:0, instance:com.fez.scripts.TestAddExpense@3159c4b8]" name="initGlobalVar" is-config="true" duration-ms="2" started-at="2017-11-07T12:24:48Z" finished-at="2017-11-07T12:24:48Z">
          <reporter-output>
          </reporter-output>
        </test-method> <!-- initGlobalVar -->
        <test-method status="PASS" signature="initApplication(java.lang.String)[pri:0, instance:com.fez.scripts.TestAddExpense@3159c4b8]" name="initApplication" is-config="true" duration-ms="4524" started-at="2017-11-07T12:24:48Z" finished-at="2017-11-07T12:24:53Z">
          <params>
            <param index="0">
              <value>
                <![CDATA[chrome]]>
              </value>
            </param>
          </params>
          <reporter-output>
          </reporter-output>
        </test-method> <!-- initApplication -->
        <test-method status="PASS" signature="preCondition(java.lang.reflect.Method)[pri:0, instance:com.fez.scripts.TestAddExpense@3159c4b8]" name="preCondition" is-config="true" duration-ms="14008" started-at="2017-11-07T12:24:53Z" finished-at="2017-11-07T12:25:07Z">
          <params>
            <param index="0">
              <value>
                <![CDATA[public void com.fez.scripts.TestAddExpense.testAddExpense() throws java.lang.InterruptedException]]>
              </value>
            </param>
          </params>
          <reporter-output>
          </reporter-output>
        </test-method> <!-- preCondition -->
        <test-method status="FAIL" signature="testAddExpense()[pri:0, instance:com.fez.scripts.TestAddExpense@3159c4b8]" name="testAddExpense" duration-ms="74528" started-at="2017-11-07T12:25:07Z" finished-at="2017-11-07T12:26:21Z">
          <exception class="org.openqa.selenium.NoSuchElementException">
            <message>
              <![CDATA[Cannot locate element with text: mFive663
For documentation on this error, please visit: http://seleniumhq.org/exceptions/no_such_element.html
Build info: version: '3.0.1', revision: '1969d75', time: '2016-10-18 09:48:19 -0700'
System info: host: 'Ravi-PC', ip: '192.168.198.2', os.name: 'Windows 10', os.arch: 'amd64', os.version: '10.0', java.version: '1.8.0_101'
Driver info: driver.version: unknown]]>
            </message>
            <full-stacktrace>
              <![CDATA[org.openqa.selenium.NoSuchElementException: Cannot locate element with text: mFive663
For documentation on this error, please visit: http://seleniumhq.org/exceptions/no_such_element.html
Build info: version: '3.0.1', revision: '1969d75', time: '2016-10-18 09:48:19 -0700'
System info: host: 'Ravi-PC', ip: '192.168.198.2', os.name: 'Windows 10', os.arch: 'amd64', os.version: '10.0', java.version: '1.8.0_101'
Driver info: driver.version: unknown
	at org.openqa.selenium.support.ui.Select.selectByVisibleText(Select.java:151)
	at com.fez.pages.ExpenseCreatePage.select_Emp(ExpenseCreatePage.java:31)
	at com.fez.scripts.TestAddExpense.testAddExpense(TestAddExpense.java:25)
	at sun.reflect.NativeMethodAccessorImpl.invoke0(Native Method)
	at sun.reflect.NativeMethodAccessorImpl.invoke(Unknown Source)
	at sun.reflect.DelegatingMethodAccessorImpl.invoke(Unknown Source)
	at java.lang.reflect.Method.invoke(Unknown Source)
	at org.testng.internal.MethodInvocationHelper.invokeMethod(MethodInvocationHelper.java:100)
	at org.testng.internal.Invoker.invokeMethod(Invoker.java:646)
	at org.testng.internal.Invoker.invokeTestMethod(Invoker.java:811)
	at org.testng.internal.Invoker.invokeTestMethods(Invoker.java:1137)
	at org.testng.internal.TestMethodWorker.invokeTestMethods(TestMethodWorker.java:129)
	at org.testng.internal.TestMethodWorker.run(TestMethodWorker.java:112)
	at org.testng.TestRunner.privateRun(TestRunner.java:753)
	at org.testng.TestRunner.run(TestRunner.java:607)
	at org.testng.SuiteRunner.runTest(SuiteRunner.java:368)
	at org.testng.SuiteRunner.runSequentially(SuiteRunner.java:363)
	at org.testng.SuiteRunner.privateRun(SuiteRunner.java:321)
	at org.testng.SuiteRunner.run(SuiteRunner.java:270)
	at org.testng.SuiteRunnerWorker.runSuite(SuiteRunnerWorker.java:52)
	at org.testng.SuiteRunnerWorker.run(SuiteRunnerWorker.java:86)
	at org.testng.TestNG.runSuitesSequentially(TestNG.java:1284)
	at org.testng.TestNG.runSuitesLocally(TestNG.java:1209)
	at org.testng.TestNG.runSuites(TestNG.java:1124)
	at org.testng.TestNG.run(TestNG.java:1096)
	at org.testng.remote.AbstractRemoteTestNG.run(AbstractRemoteTestNG.java:132)
	at org.testng.remote.RemoteTestNG.initAndRun(RemoteTestNG.java:236)
	at org.testng.remote.RemoteTestNG.main(RemoteTestNG.java:81)
]]>
            </full-stacktrace>
          </exception> <!-- org.openqa.selenium.NoSuchElementException -->
          <reporter-output>
          </reporter-output>
        </test-method> <!-- testAddExpense -->
        <test-method status="PASS" signature="postCondition(org.testng.ITestResult)[pri:0, instance:com.fez.scripts.TestAddExpense@3159c4b8]" name="postCondition" is-config="true" duration-ms="379" started-at="2017-11-07T12:26:22Z" finished-at="2017-11-07T12:26:22Z">
          <params>
            <param index="0">
              <value>
                <![CDATA[[TestResult name=testAddExpense status=FAILURE method=TestAddExpense.testAddExpense()[pri:0, instance:com.fez.scripts.TestAddExpense@3159c4b8] output={null}]]]>
              </value>
            </param>
          </params>
          <reporter-output>
          </reporter-output>
        </test-method> <!-- postCondition -->
        <test-method status="PASS" signature="closeApplication()[pri:0, instance:com.fez.scripts.TestAddExpense@3159c4b8]" name="closeApplication" is-config="true" duration-ms="1366" started-at="2017-11-07T12:26:22Z" finished-at="2017-11-07T12:26:23Z">
          <reporter-output>
          </reporter-output>
        </test-method> <!-- closeApplication -->
        <test-method status="PASS" signature="publishReport()[pri:0, instance:com.fez.scripts.TestAddExpense@3159c4b8]" name="publishReport" is-config="true" duration-ms="346" started-at="2017-11-07T12:26:23Z" finished-at="2017-11-07T12:26:24Z">
          <reporter-output>
          </reporter-output>
        </test-method> <!-- publishReport -->
      </class> <!-- com.fez.scripts.TestAddExpense -->
    </test> <!-- Test -->
  </suite> <!-- Suite -->
</testng-results>
